2023.04.27 15:37 B D:\!!Documents\!_html\web_philcrowther.com\WebGL\3js\r152\examples\jsm\skybox\skyboxsun25deg\nx.jpg --> ftp-dom.earthlink.net /public/WebGL/3js/r152/examples/jsm/skybox/skyboxsun25deg nx.jpg
2023.04.27 15:37 B D:\!!Documents\!_html\web_philcrowther.com\WebGL\3js\r152\examples\jsm\skybox\skyboxsun25deg\ny.jpg --> ftp-dom.earthlink.net /public/WebGL/3js/r152/examples/jsm/skybox/skyboxsun25deg ny.jpg
2023.04.27 15:37 B D:\!!Documents\!_html\web_philcrowther.com\WebGL\3js\r152\examples\jsm\skybox\skyboxsun25deg\nz.jpg --> ftp-dom.earthlink.net /public/WebGL/3js/r152/examples/jsm/skybox/skyboxsun25deg nz.jpg
2023.04.27 15:37 B D:\!!Documents\!_html\web_philcrowther.com\WebGL\3js\r152\examples\jsm\skybox\skyboxsun25deg\px.jpg --> ftp-dom.earthlink.net /public/WebGL/3js/r152/examples/jsm/skybox/skyboxsun25deg px.jpg
2023.04.27 15:37 B D:\!!Documents\!_html\web_philcrowther.com\WebGL\3js\r152\examples\jsm\skybox\skyboxsun25deg\py.jpg --> ftp-dom.earthlink.net /public/WebGL/3js/r152/examples/jsm/skybox/skyboxsun25deg py.jpg
2023.04.27 15:37 B D:\!!Documents\!_html\web_philcrowther.com\WebGL\3js\r152\examples\jsm\skybox\skyboxsun25deg\pz.jpg --> ftp-dom.earthlink.net /public/WebGL/3js/r152/examples/jsm/skybox/skyboxsun25deg pz.jpg
2023.04.27 15:37 B D:\!!Documents\!_html\web_philcrowther.com\WebGL\3js\r152\examples\jsm\skybox\skyboxsun25deg\skyboxsun25degtest.txt --> ftp-dom.earthlink.net /public/WebGL/3js/r152/examples/jsm/skybox/skyboxsun25deg skyboxsun25degtest.txt
2024.04.18 01:02 B D:\!!Documents\!_html\web_philcrowther.com\WebGL\3js\common\sky\box\skyboxsun25deg\nx.jpg --> ftp-dom.earthlink.net /public/WebGL/3js/common/sky/box/skyboxsun25deg nx.jpg
2024.04.18 01:02 B D:\!!Documents\!_html\web_philcrowther.com\WebGL\3js\common\sky\box\skyboxsun25deg\ny.jpg --> ftp-dom.earthlink.net /public/WebGL/3js/common/sky/box/skyboxsun25deg ny.jpg
2024.04.18 01:02 B D:\!!Documents\!_html\web_philcrowther.com\WebGL\3js\common\sky\box\skyboxsun25deg\ny2.jpg --> ftp-dom.earthlink.net /public/WebGL/3js/common/sky/box/skyboxsun25deg ny2.jpg
2024.04.18 01:02 B D:\!!Documents\!_html\web_philcrowther.com\WebGL\3js\common\sky\box\skyboxsun25deg\nz.jpg --> ftp-dom.earthlink.net /public/WebGL/3js/common/sky/box/skyboxsun25deg nz.jpg
2024.04.18 01:02 B D:\!!Documents\!_html\web_philcrowther.com\WebGL\3js\common\sky\box\skyboxsun25deg\px.jpg --> ftp-dom.earthlink.net /public/WebGL/3js/common/sky/box/skyboxsun25deg px.jpg
2024.04.18 01:02 B D:\!!Documents\!_html\web_philcrowther.com\WebGL\3js\common\sky\box\skyboxsun25deg\py.jpg --> ftp-dom.earthlink.net /public/WebGL/3js/common/sky/box/skyboxsun25deg py.jpg
2024.04.18 01:02 B D:\!!Documents\!_html\web_philcrowther.com\WebGL\3js\common\sky\box\skyboxsun25deg\pz.jpg --> ftp-dom.earthlink.net /public/WebGL/3js/common/sky/box/skyboxsun25deg pz.jpg
2024.04.18 01:02 B D:\!!Documents\!_html\web_philcrowther.com\WebGL\3js\common\sky\box\skyboxsun25deg\skyboxsun25degtest.txt --> ftp-dom.earthlink.net /public/WebGL/3js/common/sky/box/skyboxsun25deg skyboxsun25degtest.txt
2024.04.18 01:02 B D:\!!Documents\!_html\web_philcrowther.com\WebGL\3js\common\sky\box\skyboxsun25deg\WS_FTP.LOG --> ftp-dom.earthlink.net /public/WebGL/3js/common/sky/box/skyboxsun25deg WS_FTP.LOG
2024.04.18 01:07 B D:\!!Documents\!_html\web_philcrowther.com\WebGL\3js\common\sky\box\skyboxsun25deg\ny2.jpg --> ftp-dom.earthlink.net /public/WebGL/3js/common/sky/box/skyboxsun25deg ny2.jpg
2024.04.18 01:08 B D:\!!Documents\!_html\web_philcrowther.com\WebGL\3js\common\sky\box\skyboxsun25deg\ny2.jpg --> ftp-dom.earthlink.net /public/WebGL/3js/common/sky/box/skyboxsun25deg ny2.jpg
2024.04.18 01:09 B D:\!!Documents\!_html\web_philcrowther.com\WebGL\3js\common\sky\box\skyboxsun25deg\ny2.jpg --> ftp-dom.earthlink.net /public/WebGL/3js/common/sky/box/skyboxsun25deg ny2.jpg
2024.04.18 01:10 B D:\!!Documents\!_html\web_philcrowther.com\WebGL\3js\common\sky\box\skyboxsun25deg\ny2.jpg --> ftp-dom.earthlink.net /public/WebGL/3js/common/sky/box/skyboxsun25deg ny2.jpg
2024.04.18 01:21 B D:\!!Documents\!_html\web_philcrowther.com\WebGL\3js\common\sky\box\skyboxsun25deg\pz2.jpg --> ftp-dom.earthlink.net /public/WebGL/3js/common/sky/box/skyboxsun25deg pz2.jpg
2024.04.18 01:21 B D:\!!Documents\!_html\web_philcrowther.com\WebGL\3js\common\sky\box\skyboxsun25deg\px2.jpg --> ftp-dom.earthlink.net /public/WebGL/3js/common/sky/box/skyboxsun25deg px2.jpg
2024.04.18 01:21 B D:\!!Documents\!_html\web_philcrowther.com\WebGL\3js\common\sky\box\skyboxsun25deg\nz2.jpg --> ftp-dom.earthlink.net /public/WebGL/3js/common/sky/box/skyboxsun25deg nz2.jpg
2024.04.18 01:21 B D:\!!Documents\!_html\web_philcrowther.com\WebGL\3js\common\sky\box\skyboxsun25deg\nx2.jpg --> ftp-dom.earthlink.net /public/WebGL/3js/common/sky/box/skyboxsun25deg nx2.jpg
