2021.01.21 22:31 B D:\!Personal\Htm\web_philcrowther.com\WebGL\Aircraft\models\huey\huey_flyt.glb --> ftp-dom.earthlink.net /public/WebGL/Aircraft/models/huey huey_flyt.glb
2021.01.24 05:48 B D:\!Personal\Htm\web_philcrowther.com\WebGL\Aircraft\models\u1h\u1h_flyt.glb --> ftp-dom.earthlink.net /public/WebGL/Aircraft/models/u1h u1h_flyt.glb
2021.01.24 23:01 B D:\!Personal\Htm\web_philcrowther.com\WebGL\Aircraft\models\u1h\u1h_flyt.glb --> ftp-dom.earthlink.net /public/WebGL/Aircraft/models/u1h u1h_flyt.glb
2021.01.24 23:11 B D:\!Personal\Htm\web_philcrowther.com\WebGL\Aircraft\models\u1h\u1h_flyt.glb --> ftp-dom.earthlink.net /public/WebGL/Aircraft/models/u1h u1h_flyt.glb
2021.01.25 16:05 B D:\!Personal\Htm\web_philcrowther.com\WebGL\Aircraft\models\u1h\u1h_flyt.glb --> ftp-dom.earthlink.net /public/WebGL/Aircraft/models/u1h u1h_flyt.glb
2021.01.26 02:15 B D:\!Personal\Htm\web_philcrowther.com\WebGL\Aircraft\models\u1h\u1h_flyt.glb --> ftp-dom.earthlink.net /public/WebGL/Aircraft/models/u1h u1h_flyt.glb
2021.01.26 21:36 B D:\!Personal\Htm\web_philcrowther.com\WebGL\Aircraft\models\u1h\u1h_flyt.glb --> ftp-dom.earthlink.net /public/WebGL/Aircraft/models/u1h u1h_flyt.glb
2021.02.03 20:54 B D:\!Personal\Htm\web_philcrowther.com\WebGL\Aircraft\models\u1h\u1h_flyt.glb --> ftp-dom.earthlink.net /public/WebGL/Aircraft/models/u1h u1h_flyt.glb
2021.02.03 21:04 B D:\!Personal\Htm\web_philcrowther.com\WebGL\Aircraft\models\u1h\u1h_flyt.glb --> ftp-dom.earthlink.net /public/WebGL/Aircraft/models/u1h u1h_flyt.glb
2021.02.09 02:15 B D:\!Personal\Htm\web_philcrowther.com\WebGL\Aircraft\models\u1h\u1h_flyt.glb --> ftp-dom.earthlink.net /public/WebGL/Aircraft/models/u1h u1h_flyt.glb
2021.02.09 02:22 B D:\!Personal\Htm\web_philcrowther.com\WebGL\Aircraft\models\u1h\u1h_flyt.glb --> ftp-dom.earthlink.net /public/WebGL/Aircraft/models/u1h u1h_flyt.glb
2021.02.11 02:22 B D:\!Personal\Htm\web_philcrowther.com\WebGL\Aircraft\models\u1h\u1h_flyt.glb --> ftp-dom.earthlink.net /public/WebGL/Aircraft/models/u1h u1h_flyt.glb
2021.02.13 23:03 B D:\!Personal\Htm\web_philcrowther.com\WebGL\Aircraft\models\u1h\u1h_flyt.glb --> ftp-dom.earthlink.net /public/WebGL/Aircraft/models/u1h u1h_flyt.glb
2021.02.14 12:49 B D:\!Personal\Htm\web_philcrowther.com\WebGL\Aircraft\models\u1h\u1h_flyt.glb --> ftp-dom.earthlink.net /public/WebGL/Aircraft/models/u1h u1h_flyt.glb
2021.02.14 12:49 B D:\!Personal\Htm\web_philcrowther.com\WebGL\Aircraft\models\u1h\u1h_flyt.glb --> ftp-dom.earthlink.net /public/WebGL/Flight/models/u1h u1h_flyt.glb
2021.03.13 02:36 B D:\!Personal\Htm\web_philcrowther.com\WebGL\Aircraft\models\u1h\u1h_flyt.glb --> ftp-dom.earthlink.net /public/WebGL/Aircraft/models/u1h u1h_flyt.glb
2021.03.27 14:46 B D:\!Personal\Htm\web_philcrowther.com\WebGL\Aircraft\models\u1h\u1h_flyt.glb --> ftp-dom.earthlink.net /public/WebGL/Aircraft/models/u1h u1h_flyt.glb
2021.09.15 13:10 B D:\!Personal\Htm\web_philcrowther.com\WebGL\Aircraft\models\u1h\u1h_flyt.glb --> ftp-dom.earthlink.net /public/WebGL/Aircraft/models/u1h u1h_flyt.glb
2022.02.27 23:07 B D:\!Personal\Html\web_philcrowther.com\WebGL\Aircraft\models\u1h\u1h_flyt.glb --> ftp-dom.earthlink.net /public/WebGL/Aircraft/models/u1h u1h_flyt.glb
2023.04.06 17:22 B D:\!!Documents\!_html\web_philcrowther.com\WebGL\3js\common\models\u1h\u1h_flyt.glb --> ftp-dom.earthlink.net /public/WebGL/3js/common/models/u1h u1h_flyt.glb
2023.04.06 17:22 B D:\!!Documents\!_html\web_philcrowther.com\WebGL\3js\common\models\u1h\WS_FTP.LOG --> ftp-dom.earthlink.net /public/WebGL/3js/common/models/u1h WS_FTP.LOG
